<?xml version="1.0" encoding="UTF-8"?>
<testng-results ignored="0" total="2" passed="2" failed="0" skipped="0">
  <reporter-output>
  </reporter-output>
  <suite started-at="2023-09-30T12:19:33 IST" name="Default suite" finished-at="2023-09-30T12:19:35 IST" duration-ms="2770">
    <groups>
    </groups>
    <test started-at="2023-09-30T12:19:33 IST" name="Default test" finished-at="2023-09-30T12:19:35 IST" duration-ms="2770">
      <class name="RestAssured.RestAssuredAutomation.AppTest">
        <test-method signature="Test2()[pri:0, instance:RestAssured.RestAssuredAutomation.AppTest@54e041a4]" started-at="2023-09-30T12:19:33 IST" name="Test2" finished-at="2023-09-30T12:19:35 IST" duration-ms="2585" status="PASS">
          <reporter-output>
          </reporter-output>
        </test-method> <!-- Test2 -->
        <test-method signature="test1()[pri:0, instance:RestAssured.RestAssuredAutomation.AppTest@54e041a4]" started-at="2023-09-30T12:19:35 IST" name="test1" finished-at="2023-09-30T12:19:35 IST" duration-ms="136" status="PASS">
          <reporter-output>
          </reporter-output>
        </test-method> <!-- test1 -->
      </class> <!-- RestAssured.RestAssuredAutomation.AppTest -->
    </test> <!-- Default test -->
  </suite> <!-- Default suite -->
</testng-results>
